# JRE version: 7.0_25-b17
# Java VM: Java HotSpot(TM) 64-Bit Server VM (23.25-b01 mixed mode windows-amd64 compressed oops)
Heap
 PSYoungGen      total 36096K, used 28788K [0x00000000fa000000, 0x00000000fee10000, 0x0000000100000000)
  eden space 35840K, 79% used [0x00000000fa000000,0x00000000fbbe5058,0x00000000fc300000)
  from space 256K, 87% used [0x00000000fed90000,0x00000000fedc8000,0x00000000fedd0000)
  to   space 256K, 0% used [0x00000000fedd0000,0x00000000fedd0000,0x00000000fee10000)
 ParOldGen       total 103872K, used 75724K [0x00000000e8000000, 0x00000000ee570000, 0x00000000fa000000)
  object space 103872K, 72% used [0x00000000e8000000,0x00000000ec9f32f0,0x00000000ee570000)
 PSPermGen       total 102976K, used 58195K [0x00000000e0000000, 0x00000000e6490000, 0x00000000e8000000)
  object space 102976K, 56% used [0x00000000e0000000,0x00000000e38d4cd8,0x00000000e6490000)
GC Heap History (10 events):
Event: 33212.035 GC heap before
{Heap before GC invocations=372 (full 3):
 PSYoungGen      total 41088K, used 41056K [0x00000000fa000000, 0x00000000feec0000, 0x0000000100000000)
  eden space 40832K, 100% used [0x00000000fa000000,0x00000000fc7e0000,0x00000000fc7e0000)
  from space 256K, 87% used [0x00000000fee80000,0x00000000feeb8000,0x00000000feec0000)
  to   space 384K, 0% used [0x00000000fee00000,0x00000000fee00000,0x00000000fee60000)
 ParOldGen       total 103872K, used 75724K [0x00000000e8000000, 0x00000000ee570000, 0x00000000fa000000)
  object space 103872K, 72% used [0x00000000e8000000,0x00000000ec9f32f0,0x00000000ee570000)
 PSPermGen       total 102976K, used 58186K [0x00000000e0000000, 0x00000000e6490000, 0x00000000e8000000)
  object space 102976K, 56% used [0x00000000e0000000,0x00000000e38d28b8,0x00000000e6490000)
Event: 33212.040 GC heap after
Heap after GC invocations=372 (full 3):
 PSYoungGen      total 40000K, used 224K [0x00000000fa000000, 0x00000000fee90000, 0x0000000100000000)
  eden space 39744K, 0% used [0x00000000fa000000,0x00000000fa000000,0x00000000fc6d0000)
  from space 256K, 87% used [0x00000000fee00000,0x00000000fee38000,0x00000000fee40000)
  to   space 320K, 0% used [0x00000000fee40000,0x00000000fee40000,0x00000000fee90000)
 ParOldGen       total 103872K, used 75724K [0x00000000e8000000, 0x00000000ee570000, 0x00000000fa000000)
  object space 103872K, 72% used [0x00000000e8000000,0x00000000ec9f32f0,0x00000000ee570000)
 PSPermGen       total 102976K, used 58186K [0x00000000e0000000, 0x00000000e6490000, 0x00000000e8000000)
  object space 102976K, 56% used [0x00000000e0000000,0x00000000e38d28b8,0x00000000e6490000)
}
Event: 33269.035 GC heap before
{Heap before GC invocations=373 (full 3):
 PSYoungGen      total 40000K, used 39968K [0x00000000fa000000, 0x00000000fee90000, 0x0000000100000000)
  eden space 39744K, 100% used [0x00000000fa000000,0x00000000fc6d0000,0x00000000fc6d0000)
  from space 256K, 87% used [0x00000000fee00000,0x00000000fee38000,0x00000000fee40000)
  to   space 320K, 0% used [0x00000000fee40000,0x00000000fee40000,0x00000000fee90000)
 ParOldGen       total 103872K, used 75724K [0x00000000e8000000, 0x00000000ee570000, 0x00000000fa000000)
  object space 103872K, 72% used [0x00000000e8000000,0x00000000ec9f32f0,0x00000000ee570000)
 PSPermGen       total 102976K, used 58186K [0x00000000e0000000, 0x00000000e6490000, 0x00000000e8000000)
  object space 102976K, 56% used [0x00000000e0000000,0x00000000e38d28b8,0x00000000e6490000)
Event: 33269.049 GC heap after
Heap after GC invocations=373 (full 3):
 PSYoungGen      total 38976K, used 224K [0x00000000fa000000, 0x00000000fee80000, 0x0000000100000000)
  eden space 38720K, 0% used [0x00000000fa000000,0x00000000fa000000,0x00000000fc5d0000)
  from space 256K, 87% used [0x00000000fee40000,0x00000000fee78000,0x00000000fee80000)
  to   space 384K, 0% used [0x00000000fedc0000,0x00000000fedc0000,0x00000000fee20000)
 ParOldGen       total 103872K, used 75724K [0x00000000e8000000, 0x00000000ee570000, 0x00000000fa000000)
  object space 103872K, 72% used [0x00000000e8000000,0x00000000ec9f32f0,0x00000000ee570000)
 PSPermGen       total 102976K, used 58186K [0x00000000e0000000, 0x00000000e6490000, 0x00000000e8000000)
  object space 102976K, 56% used [0x00000000e0000000,0x00000000e38d28b8,0x00000000e6490000)
}
Event: 33326.035 GC heap before
{Heap before GC invocations=374 (full 3):
 PSYoungGen      total 38976K, used 38944K [0x00000000fa000000, 0x00000000fee80000, 0x0000000100000000)
  eden space 38720K, 100% used [0x00000000fa000000,0x00000000fc5d0000,0x00000000fc5d0000)
  from space 256K, 87% used [0x00000000fee40000,0x00000000fee78000,0x00000000fee80000)
  to   space 384K, 0% used [0x00000000fedc0000,0x00000000fedc0000,0x00000000fee20000)
 ParOldGen       total 103872K, used 75724K [0x00000000e8000000, 0x00000000ee570000, 0x00000000fa000000)
  object space 103872K, 72% used [0x00000000e8000000,0x00000000ec9f32f0,0x00000000ee570000)
 PSPermGen       total 102976K, used 58186K [0x00000000e0000000, 0x00000000e6490000, 0x00000000e8000000)
  object space 102976K, 56% used [0x00000000e0000000,0x00000000e38d28b8,0x00000000e6490000)
Event: 33326.047 GC heap after
Heap after GC invocations=374 (full 3):
 PSYoungGen      total 37952K, used 256K [0x00000000fa000000, 0x00000000fee50000, 0x0000000100000000)
  eden space 37696K, 0% used [0x00000000fa000000,0x00000000fa000000,0x00000000fc4d0000)
  from space 256K, 100% used [0x00000000fedc0000,0x00000000fee00000,0x00000000fee00000)
  to   space 320K, 0% used [0x00000000fee00000,0x00000000fee00000,0x00000000fee50000)
 ParOldGen       total 103872K, used 75724K [0x00000000e8000000, 0x00000000ee570000, 0x00000000fa000000)
  object space 103872K, 72% used [0x00000000e8000000,0x00000000ec9f32f0,0x00000000ee570000)
 PSPermGen       total 102976K, used 58186K [0x00000000e0000000, 0x00000000e6490000, 0x00000000e8000000)
  object space 102976K, 56% used [0x00000000e0000000,0x00000000e38d28b8,0x00000000e6490000)
}
Event: 33380.035 GC heap before
{Heap before GC invocations=375 (full 3):
 PSYoungGen      total 37952K, used 37952K [0x00000000fa000000, 0x00000000fee50000, 0x0000000100000000)
  eden space 37696K, 100% used [0x00000000fa000000,0x00000000fc4d0000,0x00000000fc4d0000)
  from space 256K, 100% used [0x00000000fedc0000,0x00000000fee00000,0x00000000fee00000)
  to   space 320K, 0% used [0x00000000fee00000,0x00000000fee00000,0x00000000fee50000)
 ParOldGen       total 103872K, used 75724K [0x00000000e8000000, 0x00000000ee570000, 0x00000000fa000000)
  object space 103872K, 72% used [0x00000000e8000000,0x00000000ec9f32f0,0x00000000ee570000)
 PSPermGen       total 102976K, used 58186K [0x00000000e0000000, 0x00000000e6490000, 0x00000000e8000000)
  object space 102976K, 56% used [0x00000000e0000000,0x00000000e38d28b8,0x00000000e6490000)
Event: 33380.040 GC heap after
Heap after GC invocations=375 (full 3):
 PSYoungGen      total 37056K, used 288K [0x00000000fa000000, 0x00000000fee50000, 0x0000000100000000)
  eden space 36736K, 0% used [0x00000000fa000000,0x00000000fa000000,0x00000000fc3e0000)
  from space 320K, 90% used [0x00000000fee00000,0x00000000fee48000,0x00000000fee50000)
  to   space 384K, 0% used [0x00000000fed90000,0x00000000fed90000,0x00000000fedf0000)
 ParOldGen       total 103872K, used 75724K [0x00000000e8000000, 0x00000000ee570000, 0x00000000fa000000)
  object space 103872K, 72% used [0x00000000e8000000,0x00000000ec9f32f0,0x00000000ee570000)
 PSPermGen       total 102976K, used 58186K [0x00000000e0000000, 0x00000000e6490000, 0x00000000e8000000)
  object space 102976K, 56% used [0x00000000e0000000,0x00000000e38d28b8,0x00000000e6490000)
}
Event: 33434.033 GC heap before
{Heap before GC invocations=376 (full 3):
 PSYoungGen      total 37056K, used 37024K [0x00000000fa000000, 0x00000000fee50000, 0x0000000100000000)
  eden space 36736K, 100% used [0x00000000fa000000,0x00000000fc3e0000,0x00000000fc3e0000)
  from space 320K, 90% used [0x00000000fee00000,0x00000000fee48000,0x00000000fee50000)
  to   space 384K, 0% used [0x00000000fed90000,0x00000000fed90000,0x00000000fedf0000)
 ParOldGen       total 103872K, used 75724K [0x00000000e8000000, 0x00000000ee570000, 0x00000000fa000000)
  object space 103872K, 72% used [0x00000000e8000000,0x00000000ec9f32f0,0x00000000ee570000)
 PSPermGen       total 102976K, used 58186K [0x00000000e0000000, 0x00000000e6490000, 0x00000000e8000000)
  object space 102976K, 56% used [0x00000000e0000000,0x00000000e38d28b8,0x00000000e6490000)
Event: 33434.037 GC heap after
Heap after GC invocations=376 (full 3):
 PSYoungGen      total 36096K, used 224K [0x00000000fa000000, 0x00000000fee10000, 0x0000000100000000)
  eden space 35840K, 0% used [0x00000000fa000000,0x00000000fa000000,0x00000000fc300000)
  from space 256K, 87% used [0x00000000fed90000,0x00000000fedc8000,0x00000000fedd0000)
  to   space 256K, 0% used [0x00000000fedd0000,0x00000000fedd0000,0x00000000fee10000)
 ParOldGen       total 103872K, used 75724K [0x00000000e8000000, 0x00000000ee570000, 0x00000000fa000000)
  object space 103872K, 72% used [0x00000000e8000000,0x00000000ec9f32f0,0x00000000ee570000)
 PSPermGen       total 102976K, used 58186K [0x00000000e0000000, 0x00000000e6490000, 0x00000000e8000000)
  object space 102976K, 56% used [0x00000000e0000000,0x00000000e38d28b8,0x00000000e6490000)
}

