# JRE version: 7.0_25-b17
# Java VM: Java HotSpot(TM) 64-Bit Server VM (23.25-b01 mixed mode windows-amd64 compressed oops)
Heap
 PSYoungGen      total 15936K, used 9269K [0x00000000fa000000, 0x00000000fb000000, 0x0000000100000000)
  eden space 15488K, 57% used [0x00000000fa000000,0x00000000fa8c56b8,0x00000000faf20000)
  from space 448K, 64% used [0x00000000faf90000,0x00000000fafd8000,0x00000000fb000000)
  to   space 448K, 0% used [0x00000000faf20000,0x00000000faf20000,0x00000000faf90000)
 ParOldGen       total 115072K, used 89001K [0x00000000e8000000, 0x00000000ef060000, 0x00000000fa000000)
  object space 115072K, 77% used [0x00000000e8000000,0x00000000ed6ea548,0x00000000ef060000)
 PSPermGen       total 112640K, used 58369K [0x00000000e0000000, 0x00000000e6e00000, 0x00000000e8000000)
  object space 112640K, 51% used [0x00000000e0000000,0x00000000e39006f0,0x00000000e6e00000)
GC Heap History (10 events):
Event: 13324.534 GC heap before
{Heap before GC invocations=277 (full 3):
 PSYoungGen      total 15872K, used 15648K [0x00000000fa000000, 0x00000000fb000000, 0x0000000100000000)
  eden space 15360K, 100% used [0x00000000fa000000,0x00000000faf00000,0x00000000faf00000)
  from space 512K, 56% used [0x00000000faf00000,0x00000000faf48000,0x00000000faf80000)
  to   space 512K, 0% used [0x00000000faf80000,0x00000000faf80000,0x00000000fb000000)
 ParOldGen       total 115072K, used 77699K [0x00000000e8000000, 0x00000000ef060000, 0x00000000fa000000)
  object space 115072K, 67% used [0x00000000e8000000,0x00000000ecbe0f08,0x00000000ef060000)
 PSPermGen       total 112640K, used 58367K [0x00000000e0000000, 0x00000000e6e00000, 0x00000000e8000000)
  object space 112640K, 51% used [0x00000000e0000000,0x00000000e38ffd58,0x00000000e6e00000)
Event: 13324.537 GC heap after
Heap after GC invocations=277 (full 3):
 PSYoungGen      total 15936K, used 224K [0x00000000fa000000, 0x00000000fb000000, 0x0000000100000000)
  eden space 15424K, 0% used [0x00000000fa000000,0x00000000fa000000,0x00000000faf10000)
  from space 512K, 43% used [0x00000000faf80000,0x00000000fafb8000,0x00000000fb000000)
  to   space 448K, 0% used [0x00000000faf10000,0x00000000faf10000,0x00000000faf80000)
 ParOldGen       total 115072K, used 77699K [0x00000000e8000000, 0x00000000ef060000, 0x00000000fa000000)
  object space 115072K, 67% used [0x00000000e8000000,0x00000000ecbe0f08,0x00000000ef060000)
 PSPermGen       total 112640K, used 58367K [0x00000000e0000000, 0x00000000e6e00000, 0x00000000e8000000)
  object space 112640K, 51% used [0x00000000e0000000,0x00000000e38ffd58,0x00000000e6e00000)
}
Event: 13348.535 GC heap before
{Heap before GC invocations=278 (full 3):
 PSYoungGen      total 15936K, used 15648K [0x00000000fa000000, 0x00000000fb000000, 0x0000000100000000)
  eden space 15424K, 100% used [0x00000000fa000000,0x00000000faf10000,0x00000000faf10000)
  from space 512K, 43% used [0x00000000faf80000,0x00000000fafb8000,0x00000000fb000000)
  to   space 448K, 0% used [0x00000000faf10000,0x00000000faf10000,0x00000000faf80000)
 ParOldGen       total 115072K, used 77699K [0x00000000e8000000, 0x00000000ef060000, 0x00000000fa000000)
  object space 115072K, 67% used [0x00000000e8000000,0x00000000ecbe0f08,0x00000000ef060000)
 PSPermGen       total 112640K, used 58367K [0x00000000e0000000, 0x00000000e6e00000, 0x00000000e8000000)
  object space 112640K, 51% used [0x00000000e0000000,0x00000000e38ffd58,0x00000000e6e00000)
Event: 13348.538 GC heap after
Heap after GC invocations=278 (full 3):
 PSYoungGen      total 15872K, used 288K [0x00000000fa000000, 0x00000000fb000000, 0x0000000100000000)
  eden space 15424K, 0% used [0x00000000fa000000,0x00000000fa000000,0x00000000faf10000)
  from space 448K, 64% used [0x00000000faf10000,0x00000000faf58000,0x00000000faf80000)
  to   space 448K, 0% used [0x00000000faf90000,0x00000000faf90000,0x00000000fb000000)
 ParOldGen       total 115072K, used 77699K [0x00000000e8000000, 0x00000000ef060000, 0x00000000fa000000)
  object space 115072K, 67% used [0x00000000e8000000,0x00000000ecbe0f08,0x00000000ef060000)
 PSPermGen       total 112640K, used 58367K [0x00000000e0000000, 0x00000000e6e00000, 0x00000000e8000000)
  object space 112640K, 51% used [0x00000000e0000000,0x00000000e38ffd58,0x00000000e6e00000)
}
Event: 13375.534 GC heap before
{Heap before GC invocations=279 (full 3):
 PSYoungGen      total 15872K, used 15712K [0x00000000fa000000, 0x00000000fb000000, 0x0000000100000000)
  eden space 15424K, 100% used [0x00000000fa000000,0x00000000faf10000,0x00000000faf10000)
  from space 448K, 64% used [0x00000000faf10000,0x00000000faf58000,0x00000000faf80000)
  to   space 448K, 0% used [0x00000000faf90000,0x00000000faf90000,0x00000000fb000000)
 ParOldGen       total 115072K, used 77699K [0x00000000e8000000, 0x00000000ef060000, 0x00000000fa000000)
  object space 115072K, 67% used [0x00000000e8000000,0x00000000ecbe0f08,0x00000000ef060000)
 PSPermGen       total 112640K, used 58367K [0x00000000e0000000, 0x00000000e6e00000, 0x00000000e8000000)
  object space 112640K, 51% used [0x00000000e0000000,0x00000000e38ffd58,0x00000000e6e00000)
Event: 13375.536 GC heap after
Heap after GC invocations=279 (full 3):
 PSYoungGen      total 15936K, used 256K [0x00000000fa000000, 0x00000000fb000000, 0x0000000100000000)
  eden space 15488K, 0% used [0x00000000fa000000,0x00000000fa000000,0x00000000faf20000)
  from space 448K, 57% used [0x00000000faf90000,0x00000000fafd0000,0x00000000fb000000)
  to   space 448K, 0% used [0x00000000faf20000,0x00000000faf20000,0x00000000faf90000)
 ParOldGen       total 115072K, used 77699K [0x00000000e8000000, 0x00000000ef060000, 0x00000000fa000000)
  object space 115072K, 67% used [0x00000000e8000000,0x00000000ecbe0f08,0x00000000ef060000)
 PSPermGen       total 112640K, used 58367K [0x00000000e0000000, 0x00000000e6e00000, 0x00000000e8000000)
  object space 112640K, 51% used [0x00000000e0000000,0x00000000e38ffd58,0x00000000e6e00000)
}
Event: 13387.131 GC heap before
{Heap before GC invocations=280 (full 3):
 PSYoungGen      total 15936K, used 15744K [0x00000000fa000000, 0x00000000fb000000, 0x0000000100000000)
  eden space 15488K, 100% used [0x00000000fa000000,0x00000000faf20000,0x00000000faf20000)
  from space 448K, 57% used [0x00000000faf90000,0x00000000fafd0000,0x00000000fb000000)
  to   space 448K, 0% used [0x00000000faf20000,0x00000000faf20000,0x00000000faf90000)
 ParOldGen       total 115072K, used 77699K [0x00000000e8000000, 0x00000000ef060000, 0x00000000fa000000)
  object space 115072K, 67% used [0x00000000e8000000,0x00000000ecbe0f08,0x00000000ef060000)
 PSPermGen       total 112640K, used 58367K [0x00000000e0000000, 0x00000000e6e00000, 0x00000000e8000000)
  object space 112640K, 51% used [0x00000000e0000000,0x00000000e38ffd58,0x00000000e6e00000)
Event: 13387.135 GC heap after
Heap after GC invocations=280 (full 3):
 PSYoungGen      total 15936K, used 288K [0x00000000fa000000, 0x00000000fb000000, 0x0000000100000000)
  eden space 15488K, 0% used [0x00000000fa000000,0x00000000fa000000,0x00000000faf20000)
  from space 448K, 64% used [0x00000000faf20000,0x00000000faf68000,0x00000000faf90000)
  to   space 448K, 0% used [0x00000000faf90000,0x00000000faf90000,0x00000000fb000000)
 ParOldGen       total 115072K, used 89001K [0x00000000e8000000, 0x00000000ef060000, 0x00000000fa000000)
  object space 115072K, 77% used [0x00000000e8000000,0x00000000ed6ea548,0x00000000ef060000)
 PSPermGen       total 112640K, used 58367K [0x00000000e0000000, 0x00000000e6e00000, 0x00000000e8000000)
  object space 112640K, 51% used [0x00000000e0000000,0x00000000e38ffd58,0x00000000e6e00000)
}
Event: 13396.533 GC heap before
{Heap before GC invocations=281 (full 3):
 PSYoungGen      total 15936K, used 15776K [0x00000000fa000000, 0x00000000fb000000, 0x0000000100000000)
  eden space 15488K, 100% used [0x00000000fa000000,0x00000000faf20000,0x00000000faf20000)
  from space 448K, 64% used [0x00000000faf20000,0x00000000faf68000,0x00000000faf90000)
  to   space 448K, 0% used [0x00000000faf90000,0x00000000faf90000,0x00000000fb000000)
 ParOldGen       total 115072K, used 89001K [0x00000000e8000000, 0x00000000ef060000, 0x00000000fa000000)
  object space 115072K, 77% used [0x00000000e8000000,0x00000000ed6ea548,0x00000000ef060000)
 PSPermGen       total 112640K, used 58368K [0x00000000e0000000, 0x00000000e6e00000, 0x00000000e8000000)
  object space 112640K, 51% used [0x00000000e0000000,0x00000000e3900248,0x00000000e6e00000)
Event: 13396.535 GC heap after
Heap after GC invocations=281 (full 3):
 PSYoungGen      total 15936K, used 288K [0x00000000fa000000, 0x00000000fb000000, 0x0000000100000000)
  eden space 15488K, 0% used [0x00000000fa000000,0x00000000fa000000,0x00000000faf20000)
  from space 448K, 64% used [0x00000000faf90000,0x00000000fafd8000,0x00000000fb000000)
  to   space 448K, 0% used [0x00000000faf20000,0x00000000faf20000,0x00000000faf90000)
 ParOldGen       total 115072K, used 89001K [0x00000000e8000000, 0x00000000ef060000, 0x00000000fa000000)
  object space 115072K, 77% used [0x00000000e8000000,0x00000000ed6ea548,0x00000000ef060000)
 PSPermGen       total 112640K, used 58368K [0x00000000e0000000, 0x00000000e6e00000, 0x00000000e8000000)
  object space 112640K, 51% used [0x00000000e0000000,0x00000000e3900248,0x00000000e6e00000)
}

