# JRE version: 7.0_11-b21
# Java VM: Java HotSpot(TM) 64-Bit Server VM (23.6-b04 mixed mode windows-amd64 compressed oops)
Heap
 PSYoungGen      total 73856K, used 10027K [0x00000000fa000000, 0x00000000fe8b0000, 0x0000000100000000)
  eden space 73344K, 13% used [0x00000000fa000000,0x00000000fa962ed0,0x00000000fe7a0000)
  from space 512K, 81% used [0x00000000fe7a0000,0x00000000fe808000,0x00000000fe820000)
  to   space 512K, 0% used [0x00000000fe830000,0x00000000fe830000,0x00000000fe8b0000)
 ParOldGen       total 111296K, used 75008K [0x00000000e8000000, 0x00000000eecb0000, 0x00000000fa000000)
  object space 111296K, 67% used [0x00000000e8000000,0x00000000ec9402c8,0x00000000eecb0000)
 PSPermGen       total 112064K, used 60773K [0x00000000e0000000, 0x00000000e6d70000, 0x00000000e8000000)
  object space 112064K, 54% used [0x00000000e0000000,0x00000000e3b59678,0x00000000e6d70000)
GC Heap History (10 events):
Event: 132136.849 GC heap before
{Heap before GC invocations=4756 (full 3):
 PSYoungGen      total 73600K, used 73536K [0x00000000fa000000, 0x00000000fe860000, 0x0000000100000000)
  eden space 73216K, 100% used [0x00000000fa000000,0x00000000fe780000,0x00000000fe780000)
  from space 384K, 83% used [0x00000000fe800000,0x00000000fe850000,0x00000000fe860000)
  to   space 448K, 0% used [0x00000000fe780000,0x00000000fe780000,0x00000000fe7f0000)
 ParOldGen       total 111296K, used 75008K [0x00000000e8000000, 0x00000000eecb0000, 0x00000000fa000000)
  object space 111296K, 67% used [0x00000000e8000000,0x00000000ec9402c8,0x00000000eecb0000)
 PSPermGen       total 112064K, used 60764K [0x00000000e0000000, 0x00000000e6d70000, 0x00000000e8000000)
  object space 112064K, 54% used [0x00000000e0000000,0x00000000e3b57118,0x00000000e6d70000)
Event: 132136.851 GC heap after
Heap after GC invocations=4756 (full 3):
 PSYoungGen      total 73664K, used 384K [0x00000000fa000000, 0x00000000fe890000, 0x0000000100000000)
  eden space 73216K, 0% used [0x00000000fa000000,0x00000000fa000000,0x00000000fe780000)
  from space 448K, 85% used [0x00000000fe780000,0x00000000fe7e0000,0x00000000fe7f0000)
  to   space 512K, 0% used [0x00000000fe810000,0x00000000fe810000,0x00000000fe890000)
 ParOldGen       total 111296K, used 75008K [0x00000000e8000000, 0x00000000eecb0000, 0x00000000fa000000)
  object space 111296K, 67% used [0x00000000e8000000,0x00000000ec9402c8,0x00000000eecb0000)
 PSPermGen       total 112064K, used 60764K [0x00000000e0000000, 0x00000000e6d70000, 0x00000000e8000000)
  object space 112064K, 54% used [0x00000000e0000000,0x00000000e3b57118,0x00000000e6d70000)
}
Event: 132199.849 GC heap before
{Heap before GC invocations=4757 (full 3):
 PSYoungGen      total 73664K, used 73600K [0x00000000fa000000, 0x00000000fe890000, 0x0000000100000000)
  eden space 73216K, 100% used [0x00000000fa000000,0x00000000fe780000,0x00000000fe780000)
  from space 448K, 85% used [0x00000000fe780000,0x00000000fe7e0000,0x00000000fe7f0000)
  to   space 512K, 0% used [0x00000000fe810000,0x00000000fe810000,0x00000000fe890000)
 ParOldGen       total 111296K, used 75008K [0x00000000e8000000, 0x00000000eecb0000, 0x00000000fa000000)
  object space 111296K, 67% used [0x00000000e8000000,0x00000000ec9402c8,0x00000000eecb0000)
 PSPermGen       total 112064K, used 60764K [0x00000000e0000000, 0x00000000e6d70000, 0x00000000e8000000)
  object space 112064K, 54% used [0x00000000e0000000,0x00000000e3b57118,0x00000000e6d70000)
Event: 132199.853 GC heap after
Heap after GC invocations=4757 (full 3):
 PSYoungGen      total 73792K, used 416K [0x00000000fa000000, 0x00000000fe890000, 0x0000000100000000)
  eden space 73280K, 0% used [0x00000000fa000000,0x00000000fa000000,0x00000000fe790000)
  from space 512K, 81% used [0x00000000fe810000,0x00000000fe878000,0x00000000fe890000)
  to   space 512K, 0% used [0x00000000fe790000,0x00000000fe790000,0x00000000fe810000)
 ParOldGen       total 111296K, used 75008K [0x00000000e8000000, 0x00000000eecb0000, 0x00000000fa000000)
  object space 111296K, 67% used [0x00000000e8000000,0x00000000ec9402c8,0x00000000eecb0000)
 PSPermGen       total 112064K, used 60764K [0x00000000e0000000, 0x00000000e6d70000, 0x00000000e8000000)
  object space 112064K, 54% used [0x00000000e0000000,0x00000000e3b57118,0x00000000e6d70000)
}
Event: 132265.845 GC heap before
{Heap before GC invocations=4758 (full 3):
 PSYoungGen      total 73792K, used 73696K [0x00000000fa000000, 0x00000000fe890000, 0x0000000100000000)
  eden space 73280K, 100% used [0x00000000fa000000,0x00000000fe790000,0x00000000fe790000)
  from space 512K, 81% used [0x00000000fe810000,0x00000000fe878000,0x00000000fe890000)
  to   space 512K, 0% used [0x00000000fe790000,0x00000000fe790000,0x00000000fe810000)
 ParOldGen       total 111296K, used 75008K [0x00000000e8000000, 0x00000000eecb0000, 0x00000000fa000000)
  object space 111296K, 67% used [0x00000000e8000000,0x00000000ec9402c8,0x00000000eecb0000)
 PSPermGen       total 112064K, used 60764K [0x00000000e0000000, 0x00000000e6d70000, 0x00000000e8000000)
  object space 112064K, 54% used [0x00000000e0000000,0x00000000e3b572b8,0x00000000e6d70000)
Event: 132265.847 GC heap after
Heap after GC invocations=4758 (full 3):
 PSYoungGen      total 73792K, used 352K [0x00000000fa000000, 0x00000000fe8a0000, 0x0000000100000000)
  eden space 73280K, 0% used [0x00000000fa000000,0x00000000fa000000,0x00000000fe790000)
  from space 512K, 68% used [0x00000000fe790000,0x00000000fe7e8000,0x00000000fe810000)
  to   space 512K, 0% used [0x00000000fe820000,0x00000000fe820000,0x00000000fe8a0000)
 ParOldGen       total 111296K, used 75008K [0x00000000e8000000, 0x00000000eecb0000, 0x00000000fa000000)
  object space 111296K, 67% used [0x00000000e8000000,0x00000000ec9402c8,0x00000000eecb0000)
 PSPermGen       total 112064K, used 60764K [0x00000000e0000000, 0x00000000e6d70000, 0x00000000e8000000)
  object space 112064K, 54% used [0x00000000e0000000,0x00000000e3b572b8,0x00000000e6d70000)
}
Event: 132328.845 GC heap before
{Heap before GC invocations=4759 (full 3):
 PSYoungGen      total 73792K, used 73632K [0x00000000fa000000, 0x00000000fe8a0000, 0x0000000100000000)
  eden space 73280K, 100% used [0x00000000fa000000,0x00000000fe790000,0x00000000fe790000)
  from space 512K, 68% used [0x00000000fe790000,0x00000000fe7e8000,0x00000000fe810000)
  to   space 512K, 0% used [0x00000000fe820000,0x00000000fe820000,0x00000000fe8a0000)
 ParOldGen       total 111296K, used 75008K [0x00000000e8000000, 0x00000000eecb0000, 0x00000000fa000000)
  object space 111296K, 67% used [0x00000000e8000000,0x00000000ec9402c8,0x00000000eecb0000)
 PSPermGen       total 112064K, used 60764K [0x00000000e0000000, 0x00000000e6d70000, 0x00000000e8000000)
  object space 112064K, 54% used [0x00000000e0000000,0x00000000e3b572b8,0x00000000e6d70000)
Event: 132328.847 GC heap after
Heap after GC invocations=4759 (full 3):
 PSYoungGen      total 73856K, used 320K [0x00000000fa000000, 0x00000000fe8a0000, 0x0000000100000000)
  eden space 73344K, 0% used [0x00000000fa000000,0x00000000fa000000,0x00000000fe7a0000)
  from space 512K, 62% used [0x00000000fe820000,0x00000000fe870000,0x00000000fe8a0000)
  to   space 512K, 0% used [0x00000000fe7a0000,0x00000000fe7a0000,0x00000000fe820000)
 ParOldGen       total 111296K, used 75008K [0x00000000e8000000, 0x00000000eecb0000, 0x00000000fa000000)
  object space 111296K, 67% used [0x00000000e8000000,0x00000000ec9402c8,0x00000000eecb0000)
 PSPermGen       total 112064K, used 60764K [0x00000000e0000000, 0x00000000e6d70000, 0x00000000e8000000)
  object space 112064K, 54% used [0x00000000e0000000,0x00000000e3b572b8,0x00000000e6d70000)
}
Event: 132391.845 GC heap before
{Heap before GC invocations=4760 (full 3):
 PSYoungGen      total 73856K, used 73664K [0x00000000fa000000, 0x00000000fe8a0000, 0x0000000100000000)
  eden space 73344K, 100% used [0x00000000fa000000,0x00000000fe7a0000,0x00000000fe7a0000)
  from space 512K, 62% used [0x00000000fe820000,0x00000000fe870000,0x00000000fe8a0000)
  to   space 512K, 0% used [0x00000000fe7a0000,0x00000000fe7a0000,0x00000000fe820000)
 ParOldGen       total 111296K, used 75008K [0x00000000e8000000, 0x00000000eecb0000, 0x00000000fa000000)
  object space 111296K, 67% used [0x00000000e8000000,0x00000000ec9402c8,0x00000000eecb0000)
 PSPermGen       total 112064K, used 60764K [0x00000000e0000000, 0x00000000e6d70000, 0x00000000e8000000)
  object space 112064K, 54% used [0x00000000e0000000,0x00000000e3b572b8,0x00000000e6d70000)
Event: 132391.848 GC heap after
Heap after GC invocations=4760 (full 3):
 PSYoungGen      total 73856K, used 416K [0x00000000fa000000, 0x00000000fe8b0000, 0x0000000100000000)
  eden space 73344K, 0% used [0x00000000fa000000,0x00000000fa000000,0x00000000fe7a0000)
  from space 512K, 81% used [0x00000000fe7a0000,0x00000000fe808000,0x00000000fe820000)
  to   space 512K, 0% used [0x00000000fe830000,0x00000000fe830000,0x00000000fe8b0000)
 ParOldGen       total 111296K, used 75008K [0x00000000e8000000, 0x00000000eecb0000, 0x00000000fa000000)
  object space 111296K, 67% used [0x00000000e8000000,0x00000000ec9402c8,0x00000000eecb0000)
 PSPermGen       total 112064K, used 60764K [0x00000000e0000000, 0x00000000e6d70000, 0x00000000e8000000)
  object space 112064K, 54% used [0x00000000e0000000,0x00000000e3b572b8,0x00000000e6d70000)
}

