# JRE version: 7.0_11-b21
# Java VM: Java HotSpot(TM) 64-Bit Server VM (23.6-b04 mixed mode windows-amd64 compressed oops)
Heap
 PSYoungGen      total 13376K, used 8792K [0x00000000fa000000, 0x00000000fb110000, 0x0000000100000000)
  eden space 10432K, 60% used [0x00000000fa000000,0x00000000fa629878,0x00000000faa30000)
  from space 2944K, 84% used [0x00000000fad70000,0x00000000fafdc820,0x00000000fb050000)
  to   space 3328K, 0% used [0x00000000faa30000,0x00000000faa30000,0x00000000fad70000)
 ParOldGen       total 294912K, used 204552K [0x00000000e8000000, 0x00000000fa000000, 0x00000000fa000000)
  object space 294912K, 69% used [0x00000000e8000000,0x00000000f47c2338,0x00000000fa000000)
 PSPermGen       total 88896K, used 61152K [0x00000000e0000000, 0x00000000e56d0000, 0x00000000e8000000)
  object space 88896K, 68% used [0x00000000e0000000,0x00000000e3bb82f0,0x00000000e56d0000)
GC Heap History (10 events):
Event: 226117.987 GC heap before
{Heap before GC invocations=5172 (full 10):
 PSYoungGen      total 13248K, used 10518K [0x00000000fa000000, 0x00000000fb000000, 0x0000000100000000)
  eden space 10304K, 100% used [0x00000000fa000000,0x00000000faa10000,0x00000000faa10000)
  from space 2944K, 7% used [0x00000000faa10000,0x00000000faa45a98,0x00000000facf0000)
  to   space 2816K, 0% used [0x00000000fad40000,0x00000000fad40000,0x00000000fb000000)
 ParOldGen       total 294912K, used 192106K [0x00000000e8000000, 0x00000000fa000000, 0x00000000fa000000)
  object space 294912K, 65% used [0x00000000e8000000,0x00000000f3b9a8e8,0x00000000fa000000)
 PSPermGen       total 88896K, used 61152K [0x00000000e0000000, 0x00000000e56d0000, 0x00000000e8000000)
  object space 88896K, 68% used [0x00000000e0000000,0x00000000e3bb8110,0x00000000e56d0000)
Event: 226117.989 GC heap after
Heap after GC invocations=5172 (full 10):
 PSYoungGen      total 13760K, used 214K [0x00000000fa000000, 0x00000000fb000000, 0x0000000100000000)
  eden space 10944K, 0% used [0x00000000fa000000,0x00000000fa000000,0x00000000faab0000)
  from space 2816K, 7% used [0x00000000fad40000,0x00000000fad75a98,0x00000000fb000000)
  to   space 2624K, 0% used [0x00000000faab0000,0x00000000faab0000,0x00000000fad40000)
 ParOldGen       total 294912K, used 192106K [0x00000000e8000000, 0x00000000fa000000, 0x00000000fa000000)
  object space 294912K, 65% used [0x00000000e8000000,0x00000000f3b9a8e8,0x00000000fa000000)
 PSPermGen       total 88896K, used 61152K [0x00000000e0000000, 0x00000000e56d0000, 0x00000000e8000000)
  object space 88896K, 68% used [0x00000000e0000000,0x00000000e3bb8110,0x00000000e56d0000)
}
Event: 226144.967 GC heap before
{Heap before GC invocations=5173 (full 10):
 PSYoungGen      total 13760K, used 8338K [0x00000000fa000000, 0x00000000fb000000, 0x0000000100000000)
  eden space 10944K, 74% used [0x00000000fa000000,0x00000000fa7eee68,0x00000000faab0000)
  from space 2816K, 7% used [0x00000000fad40000,0x00000000fad75a98,0x00000000fb000000)
  to   space 2624K, 0% used [0x00000000faab0000,0x00000000faab0000,0x00000000fad40000)
 ParOldGen       total 294912K, used 192106K [0x00000000e8000000, 0x00000000fa000000, 0x00000000fa000000)
  object space 294912K, 65% used [0x00000000e8000000,0x00000000f3b9a8e8,0x00000000fa000000)
 PSPermGen       total 88896K, used 61152K [0x00000000e0000000, 0x00000000e56d0000, 0x00000000e8000000)
  object space 88896K, 68% used [0x00000000e0000000,0x00000000e3bb8110,0x00000000e56d0000)
Event: 226144.972 GC heap after
Heap after GC invocations=5173 (full 10):
 PSYoungGen      total 13568K, used 1369K [0x00000000fa000000, 0x00000000fb010000, 0x0000000100000000)
  eden space 10944K, 0% used [0x00000000fa000000,0x00000000fa000000,0x00000000faab0000)
  from space 2624K, 52% used [0x00000000faab0000,0x00000000fac06410,0x00000000fad40000)
  to   space 2752K, 0% used [0x00000000fad60000,0x00000000fad60000,0x00000000fb010000)
 ParOldGen       total 294912K, used 192106K [0x00000000e8000000, 0x00000000fa000000, 0x00000000fa000000)
  object space 294912K, 65% used [0x00000000e8000000,0x00000000f3b9a8e8,0x00000000fa000000)
 PSPermGen       total 88896K, used 61152K [0x00000000e0000000, 0x00000000e56d0000, 0x00000000e8000000)
  object space 88896K, 68% used [0x00000000e0000000,0x00000000e3bb8110,0x00000000e56d0000)
}
Event: 226146.217 GC heap before
{Heap before GC invocations=5174 (full 10):
 PSYoungGen      total 13568K, used 12313K [0x00000000fa000000, 0x00000000fb010000, 0x0000000100000000)
  eden space 10944K, 100% used [0x00000000fa000000,0x00000000faab0000,0x00000000faab0000)
  from space 2624K, 52% used [0x00000000faab0000,0x00000000fac06410,0x00000000fad40000)
  to   space 2752K, 0% used [0x00000000fad60000,0x00000000fad60000,0x00000000fb010000)
 ParOldGen       total 294912K, used 192106K [0x00000000e8000000, 0x00000000fa000000, 0x00000000fa000000)
  object space 294912K, 65% used [0x00000000e8000000,0x00000000f3b9a8e8,0x00000000fa000000)
 PSPermGen       total 88896K, used 61152K [0x00000000e0000000, 0x00000000e56d0000, 0x00000000e8000000)
  object space 88896K, 68% used [0x00000000e0000000,0x00000000e3bb8110,0x00000000e56d0000)
Event: 226146.222 GC heap after
Heap after GC invocations=5174 (full 10):
 PSYoungGen      total 13568K, used 1497K [0x00000000fa000000, 0x00000000fb050000, 0x0000000100000000)
  eden space 10816K, 0% used [0x00000000fa000000,0x00000000fa000000,0x00000000faa90000)
  from space 2752K, 54% used [0x00000000fad60000,0x00000000faed6410,0x00000000fb010000)
  to   space 2880K, 0% used [0x00000000faa90000,0x00000000faa90000,0x00000000fad60000)
 ParOldGen       total 294912K, used 203407K [0x00000000e8000000, 0x00000000fa000000, 0x00000000fa000000)
  object space 294912K, 68% used [0x00000000e8000000,0x00000000f46a3f28,0x00000000fa000000)
 PSPermGen       total 88896K, used 61152K [0x00000000e0000000, 0x00000000e56d0000, 0x00000000e8000000)
  object space 88896K, 68% used [0x00000000e0000000,0x00000000e3bb8110,0x00000000e56d0000)
}
Event: 226149.876 GC heap before
{Heap before GC invocations=5175 (full 10):
 PSYoungGen      total 13568K, used 12313K [0x00000000fa000000, 0x00000000fb050000, 0x0000000100000000)
  eden space 10816K, 100% used [0x00000000fa000000,0x00000000faa90000,0x00000000faa90000)
  from space 2752K, 54% used [0x00000000fad60000,0x00000000faed6410,0x00000000fb010000)
  to   space 2880K, 0% used [0x00000000faa90000,0x00000000faa90000,0x00000000fad60000)
 ParOldGen       total 294912K, used 203407K [0x00000000e8000000, 0x00000000fa000000, 0x00000000fa000000)
  object space 294912K, 68% used [0x00000000e8000000,0x00000000f46a3f28,0x00000000fa000000)
 PSPermGen       total 88896K, used 61152K [0x00000000e0000000, 0x00000000e56d0000, 0x00000000e8000000)
  object space 88896K, 68% used [0x00000000e0000000,0x00000000e3bb8110,0x00000000e56d0000)
Event: 226149.880 GC heap after
Heap after GC invocations=5175 (full 10):
 PSYoungGen      total 13696K, used 1401K [0x00000000fa000000, 0x00000000fb050000, 0x0000000100000000)
  eden space 10816K, 0% used [0x00000000fa000000,0x00000000fa000000,0x00000000faa90000)
  from space 2880K, 48% used [0x00000000faa90000,0x00000000fabee410,0x00000000fad60000)
  to   space 2944K, 0% used [0x00000000fad70000,0x00000000fad70000,0x00000000fb050000)
 ParOldGen       total 294912K, used 203407K [0x00000000e8000000, 0x00000000fa000000, 0x00000000fa000000)
  object space 294912K, 68% used [0x00000000e8000000,0x00000000f46a3f28,0x00000000fa000000)
 PSPermGen       total 88896K, used 61152K [0x00000000e0000000, 0x00000000e56d0000, 0x00000000e8000000)
  object space 88896K, 68% used [0x00000000e0000000,0x00000000e3bb8110,0x00000000e56d0000)
}
Event: 226163.847 GC heap before
{Heap before GC invocations=5176 (full 10):
 PSYoungGen      total 13696K, used 12217K [0x00000000fa000000, 0x00000000fb050000, 0x0000000100000000)
  eden space 10816K, 100% used [0x00000000fa000000,0x00000000faa90000,0x00000000faa90000)
  from space 2880K, 48% used [0x00000000faa90000,0x00000000fabee410,0x00000000fad60000)
  to   space 2944K, 0% used [0x00000000fad70000,0x00000000fad70000,0x00000000fb050000)
 ParOldGen       total 294912K, used 203407K [0x00000000e8000000, 0x00000000fa000000, 0x00000000fa000000)
  object space 294912K, 68% used [0x00000000e8000000,0x00000000f46a3f28,0x00000000fa000000)
 PSPermGen       total 88896K, used 61152K [0x00000000e0000000, 0x00000000e56d0000, 0x00000000e8000000)
  object space 88896K, 68% used [0x00000000e0000000,0x00000000e3bb8110,0x00000000e56d0000)
Event: 226163.857 GC heap after
Heap after GC invocations=5176 (full 10):
 PSYoungGen      total 13376K, used 2482K [0x00000000fa000000, 0x00000000fb110000, 0x0000000100000000)
  eden space 10432K, 0% used [0x00000000fa000000,0x00000000fa000000,0x00000000faa30000)
  from space 2944K, 84% used [0x00000000fad70000,0x00000000fafdc820,0x00000000fb050000)
  to   space 3328K, 0% used [0x00000000faa30000,0x00000000faa30000,0x00000000fad70000)
 ParOldGen       total 294912K, used 204552K [0x00000000e8000000, 0x00000000fa000000, 0x00000000fa000000)
  object space 294912K, 69% used [0x00000000e8000000,0x00000000f47c2338,0x00000000fa000000)
 PSPermGen       total 88896K, used 61152K [0x00000000e0000000, 0x00000000e56d0000, 0x00000000e8000000)
  object space 88896K, 68% used [0x00000000e0000000,0x00000000e3bb8110,0x00000000e56d0000)
}

