# JRE version: 7.0_11-b21
# Java VM: Java HotSpot(TM) 64-Bit Server VM (23.6-b04 mixed mode windows-amd64 compressed oops)
Heap
 PSYoungGen      total 97984K, used 48926K [0x00000000fa000000, 0x0000000100000000, 0x0000000100000000)
  eden space 97664K, 49% used [0x00000000fa000000,0x00000000fcf97bb8,0x00000000fff60000)
  from space 320K, 60% used [0x00000000fffb0000,0x00000000fffe0000,0x0000000100000000)
  to   space 320K, 0% used [0x00000000fff60000,0x00000000fff60000,0x00000000fffb0000)
 ParOldGen       total 81600K, used 67955K [0x00000000e8000000, 0x00000000ecfb0000, 0x00000000fa000000)
  object space 81600K, 83% used [0x00000000e8000000,0x00000000ec25cf08,0x00000000ecfb0000)
 PSPermGen       total 104192K, used 60414K [0x00000000e0000000, 0x00000000e65c0000, 0x00000000e8000000)
  object space 104192K, 57% used [0x00000000e0000000,0x00000000e3affb50,0x00000000e65c0000)
GC Heap History (10 events):
Event: 224884.883 GC heap before
{Heap before GC invocations=3051 (full 5):
 PSYoungGen      total 75392K, used 75360K [0x00000000fa000000, 0x00000000ffed0000, 0x0000000100000000)
  eden space 75136K, 100% used [0x00000000fa000000,0x00000000fe960000,0x00000000fe960000)
  from space 256K, 87% used [0x00000000ffe70000,0x00000000ffea8000,0x00000000ffeb0000)
  to   space 128K, 0% used [0x00000000ffeb0000,0x00000000ffeb0000,0x00000000ffed0000)
 ParOldGen       total 81600K, used 67867K [0x00000000e8000000, 0x00000000ecfb0000, 0x00000000fa000000)
  object space 81600K, 83% used [0x00000000e8000000,0x00000000ec246f08,0x00000000ecfb0000)
 PSPermGen       total 104192K, used 60400K [0x00000000e0000000, 0x00000000e65c0000, 0x00000000e8000000)
  object space 104192K, 57% used [0x00000000e0000000,0x00000000e3afc258,0x00000000e65c0000)
Event: 224884.886 GC heap after
Heap after GC invocations=3051 (full 5):
 PSYoungGen      total 87424K, used 128K [0x00000000fa000000, 0x00000000ffed0000, 0x0000000100000000)
  eden space 87296K, 0% used [0x00000000fa000000,0x00000000fa000000,0x00000000ff540000)
  from space 128K, 100% used [0x00000000ffeb0000,0x00000000ffed0000,0x00000000ffed0000)
  to   space 256K, 0% used [0x00000000ffe50000,0x00000000ffe50000,0x00000000ffe90000)
 ParOldGen       total 81600K, used 67899K [0x00000000e8000000, 0x00000000ecfb0000, 0x00000000fa000000)
  object space 81600K, 83% used [0x00000000e8000000,0x00000000ec24ef08,0x00000000ecfb0000)
 PSPermGen       total 104192K, used 60400K [0x00000000e0000000, 0x00000000e65c0000, 0x00000000e8000000)
  object space 104192K, 57% used [0x00000000e0000000,0x00000000e3afc258,0x00000000e65c0000)
}
Event: 225167.413 GC heap before
{Heap before GC invocations=3052 (full 5):
 PSYoungGen      total 87424K, used 87424K [0x00000000fa000000, 0x00000000ffed0000, 0x0000000100000000)
  eden space 87296K, 100% used [0x00000000fa000000,0x00000000ff540000,0x00000000ff540000)
  from space 128K, 100% used [0x00000000ffeb0000,0x00000000ffed0000,0x00000000ffed0000)
  to   space 256K, 0% used [0x00000000ffe50000,0x00000000ffe50000,0x00000000ffe90000)
 ParOldGen       total 81600K, used 67899K [0x00000000e8000000, 0x00000000ecfb0000, 0x00000000fa000000)
  object space 81600K, 83% used [0x00000000e8000000,0x00000000ec24ef08,0x00000000ecfb0000)
 PSPermGen       total 104192K, used 60402K [0x00000000e0000000, 0x00000000e65c0000, 0x00000000e8000000)
  object space 104192K, 57% used [0x00000000e0000000,0x00000000e3afc9a8,0x00000000e65c0000)
Event: 225167.416 GC heap after
Heap after GC invocations=3052 (full 5):
 PSYoungGen      total 96832K, used 192K [0x00000000fa000000, 0x0000000100000000, 0x0000000100000000)
  eden space 96576K, 0% used [0x00000000fa000000,0x00000000fa000000,0x00000000ffe50000)
  from space 256K, 75% used [0x00000000ffe50000,0x00000000ffe80000,0x00000000ffe90000)
  to   space 256K, 0% used [0x00000000fffc0000,0x00000000fffc0000,0x0000000100000000)
 ParOldGen       total 81600K, used 67931K [0x00000000e8000000, 0x00000000ecfb0000, 0x00000000fa000000)
  object space 81600K, 83% used [0x00000000e8000000,0x00000000ec256f08,0x00000000ecfb0000)
 PSPermGen       total 104192K, used 60402K [0x00000000e0000000, 0x00000000e65c0000, 0x00000000e8000000)
  object space 104192K, 57% used [0x00000000e0000000,0x00000000e3afc9a8,0x00000000e65c0000)
}
Event: 225523.844 GC heap before
{Heap before GC invocations=3053 (full 5):
 PSYoungGen      total 96832K, used 96768K [0x00000000fa000000, 0x0000000100000000, 0x0000000100000000)
  eden space 96576K, 100% used [0x00000000fa000000,0x00000000ffe50000,0x00000000ffe50000)
  from space 256K, 75% used [0x00000000ffe50000,0x00000000ffe80000,0x00000000ffe90000)
  to   space 256K, 0% used [0x00000000fffc0000,0x00000000fffc0000,0x0000000100000000)
 ParOldGen       total 81600K, used 67931K [0x00000000e8000000, 0x00000000ecfb0000, 0x00000000fa000000)
  object space 81600K, 83% used [0x00000000e8000000,0x00000000ec256f08,0x00000000ecfb0000)
 PSPermGen       total 104192K, used 60402K [0x00000000e0000000, 0x00000000e65c0000, 0x00000000e8000000)
  object space 104192K, 57% used [0x00000000e0000000,0x00000000e3afca88,0x00000000e65c0000)
Event: 225523.847 GC heap after
Heap after GC invocations=3053 (full 5):
 PSYoungGen      total 97920K, used 224K [0x00000000fa000000, 0x0000000100000000, 0x0000000100000000)
  eden space 97664K, 0% used [0x00000000fa000000,0x00000000fa000000,0x00000000fff60000)
  from space 256K, 87% used [0x00000000fffc0000,0x00000000ffff8000,0x0000000100000000)
  to   space 320K, 0% used [0x00000000fff60000,0x00000000fff60000,0x00000000fffb0000)
 ParOldGen       total 81600K, used 67947K [0x00000000e8000000, 0x00000000ecfb0000, 0x00000000fa000000)
  object space 81600K, 83% used [0x00000000e8000000,0x00000000ec25af08,0x00000000ecfb0000)
 PSPermGen       total 104192K, used 60402K [0x00000000e0000000, 0x00000000e65c0000, 0x00000000e8000000)
  object space 104192K, 57% used [0x00000000e0000000,0x00000000e3afca88,0x00000000e65c0000)
}
Event: 225889.823 GC heap before
{Heap before GC invocations=3054 (full 5):
 PSYoungGen      total 97920K, used 97888K [0x00000000fa000000, 0x0000000100000000, 0x0000000100000000)
  eden space 97664K, 100% used [0x00000000fa000000,0x00000000fff60000,0x00000000fff60000)
  from space 256K, 87% used [0x00000000fffc0000,0x00000000ffff8000,0x0000000100000000)
  to   space 320K, 0% used [0x00000000fff60000,0x00000000fff60000,0x00000000fffb0000)
 ParOldGen       total 81600K, used 67947K [0x00000000e8000000, 0x00000000ecfb0000, 0x00000000fa000000)
  object space 81600K, 83% used [0x00000000e8000000,0x00000000ec25af08,0x00000000ecfb0000)
 PSPermGen       total 104192K, used 60403K [0x00000000e0000000, 0x00000000e65c0000, 0x00000000e8000000)
  object space 104192K, 57% used [0x00000000e0000000,0x00000000e3afce60,0x00000000e65c0000)
Event: 225889.825 GC heap after
Heap after GC invocations=3054 (full 5):
 PSYoungGen      total 97984K, used 224K [0x00000000fa000000, 0x0000000100000000, 0x0000000100000000)
  eden space 97664K, 0% used [0x00000000fa000000,0x00000000fa000000,0x00000000fff60000)
  from space 320K, 70% used [0x00000000fff60000,0x00000000fff98000,0x00000000fffb0000)
  to   space 320K, 0% used [0x00000000fffb0000,0x00000000fffb0000,0x0000000100000000)
 ParOldGen       total 81600K, used 67947K [0x00000000e8000000, 0x00000000ecfb0000, 0x00000000fa000000)
  object space 81600K, 83% used [0x00000000e8000000,0x00000000ec25af08,0x00000000ecfb0000)
 PSPermGen       total 104192K, used 60403K [0x00000000e0000000, 0x00000000e65c0000, 0x00000000e8000000)
  object space 104192K, 57% used [0x00000000e0000000,0x00000000e3afce60,0x00000000e65c0000)
}
Event: 226291.798 GC heap before
{Heap before GC invocations=3055 (full 5):
 PSYoungGen      total 97984K, used 97888K [0x00000000fa000000, 0x0000000100000000, 0x0000000100000000)
  eden space 97664K, 100% used [0x00000000fa000000,0x00000000fff60000,0x00000000fff60000)
  from space 320K, 70% used [0x00000000fff60000,0x00000000fff98000,0x00000000fffb0000)
  to   space 320K, 0% used [0x00000000fffb0000,0x00000000fffb0000,0x0000000100000000)
 ParOldGen       total 81600K, used 67947K [0x00000000e8000000, 0x00000000ecfb0000, 0x00000000fa000000)
  object space 81600K, 83% used [0x00000000e8000000,0x00000000ec25af08,0x00000000ecfb0000)
 PSPermGen       total 104192K, used 60403K [0x00000000e0000000, 0x00000000e65c0000, 0x00000000e8000000)
  object space 104192K, 57% used [0x00000000e0000000,0x00000000e3afce60,0x00000000e65c0000)
Event: 226291.800 GC heap after
Heap after GC invocations=3055 (full 5):
 PSYoungGen      total 97984K, used 192K [0x00000000fa000000, 0x0000000100000000, 0x0000000100000000)
  eden space 97664K, 0% used [0x00000000fa000000,0x00000000fa000000,0x00000000fff60000)
  from space 320K, 60% used [0x00000000fffb0000,0x00000000fffe0000,0x0000000100000000)
  to   space 320K, 0% used [0x00000000fff60000,0x00000000fff60000,0x00000000fffb0000)
 ParOldGen       total 81600K, used 67955K [0x00000000e8000000, 0x00000000ecfb0000, 0x00000000fa000000)
  object space 81600K, 83% used [0x00000000e8000000,0x00000000ec25cf08,0x00000000ecfb0000)
 PSPermGen       total 104192K, used 60403K [0x00000000e0000000, 0x00000000e65c0000, 0x00000000e8000000)
  object space 104192K, 57% used [0x00000000e0000000,0x00000000e3afce60,0x00000000e65c0000)
}

