# JRE version: 7.0_11-b21
# Java VM: Java HotSpot(TM) 64-Bit Server VM (23.6-b04 mixed mode windows-amd64 compressed oops)
Heap
 PSYoungGen      total 97728K, used 16954K [0x00000000fa000000, 0x0000000100000000, 0x0000000100000000)
  eden space 97280K, 17% used [0x00000000fa000000,0x00000000fb06ea70,0x00000000fff00000)
  from space 448K, 28% used [0x00000000fff70000,0x00000000fff90000,0x00000000fffe0000)
  to   space 448K, 0% used [0x00000000fff00000,0x00000000fff00000,0x00000000fff70000)
 ParOldGen       total 144512K, used 121552K [0x00000000e8000000, 0x00000000f0d20000, 0x00000000fa000000)
  object space 144512K, 84% used [0x00000000e8000000,0x00000000ef6b4390,0x00000000f0d20000)
 PSPermGen       total 112128K, used 69611K [0x00000000e0000000, 0x00000000e6d80000, 0x00000000e8000000)
  object space 112128K, 62% used [0x00000000e0000000,0x00000000e43faff8,0x00000000e6d80000)
GC Heap History (10 events):
Event: 290516.831 GC heap before
{Heap before GC invocations=4514 (full 4):
 PSYoungGen      total 97600K, used 97152K [0x00000000fa000000, 0x0000000100000000, 0x0000000100000000)
  eden space 97024K, 100% used [0x00000000fa000000,0x00000000ffec0000,0x00000000ffec0000)
  from space 576K, 22% used [0x00000000ffec0000,0x00000000ffee0000,0x00000000fff50000)
  to   space 576K, 0% used [0x00000000fff70000,0x00000000fff70000,0x0000000100000000)
 ParOldGen       total 144512K, used 121552K [0x00000000e8000000, 0x00000000f0d20000, 0x00000000fa000000)
  object space 144512K, 84% used [0x00000000e8000000,0x00000000ef6b4390,0x00000000f0d20000)
 PSPermGen       total 112128K, used 69601K [0x00000000e0000000, 0x00000000e6d80000, 0x00000000e8000000)
  object space 112128K, 62% used [0x00000000e0000000,0x00000000e43f8598,0x00000000e6d80000)
Event: 290516.834 GC heap after
Heap after GC invocations=4514 (full 4):
 PSYoungGen      total 97600K, used 160K [0x00000000fa000000, 0x00000000fffe0000, 0x0000000100000000)
  eden space 97152K, 0% used [0x00000000fa000000,0x00000000fa000000,0x00000000ffee0000)
  from space 448K, 35% used [0x00000000fff70000,0x00000000fff98000,0x00000000fffe0000)
  to   space 512K, 0% used [0x00000000ffee0000,0x00000000ffee0000,0x00000000fff60000)
 ParOldGen       total 144512K, used 121552K [0x00000000e8000000, 0x00000000f0d20000, 0x00000000fa000000)
  object space 144512K, 84% used [0x00000000e8000000,0x00000000ef6b4390,0x00000000f0d20000)
 PSPermGen       total 112128K, used 69601K [0x00000000e0000000, 0x00000000e6d80000, 0x00000000e8000000)
  object space 112128K, 62% used [0x00000000e0000000,0x00000000e43f8598,0x00000000e6d80000)
}
Event: 290804.651 GC heap before
{Heap before GC invocations=4515 (full 4):
 PSYoungGen      total 97600K, used 97312K [0x00000000fa000000, 0x00000000fffe0000, 0x0000000100000000)
  eden space 97152K, 100% used [0x00000000fa000000,0x00000000ffee0000,0x00000000ffee0000)
  from space 448K, 35% used [0x00000000fff70000,0x00000000fff98000,0x00000000fffe0000)
  to   space 512K, 0% used [0x00000000ffee0000,0x00000000ffee0000,0x00000000fff60000)
 ParOldGen       total 144512K, used 121552K [0x00000000e8000000, 0x00000000f0d20000, 0x00000000fa000000)
  object space 144512K, 84% used [0x00000000e8000000,0x00000000ef6b4390,0x00000000f0d20000)
 PSPermGen       total 112128K, used 69601K [0x00000000e0000000, 0x00000000e6d80000, 0x00000000e8000000)
  object space 112128K, 62% used [0x00000000e0000000,0x00000000e43f8598,0x00000000e6d80000)
Event: 290804.655 GC heap after
Heap after GC invocations=4515 (full 4):
 PSYoungGen      total 97664K, used 96K [0x00000000fa000000, 0x0000000100000000, 0x0000000100000000)
  eden space 97152K, 0% used [0x00000000fa000000,0x00000000fa000000,0x00000000ffee0000)
  from space 512K, 18% used [0x00000000ffee0000,0x00000000ffef8000,0x00000000fff60000)
  to   space 512K, 0% used [0x00000000fff80000,0x00000000fff80000,0x0000000100000000)
 ParOldGen       total 144512K, used 121552K [0x00000000e8000000, 0x00000000f0d20000, 0x00000000fa000000)
  object space 144512K, 84% used [0x00000000e8000000,0x00000000ef6b4390,0x00000000f0d20000)
 PSPermGen       total 112128K, used 69601K [0x00000000e0000000, 0x00000000e6d80000, 0x00000000e8000000)
  object space 112128K, 62% used [0x00000000e0000000,0x00000000e43f8598,0x00000000e6d80000)
}
Event: 291092.641 GC heap before
{Heap before GC invocations=4516 (full 4):
 PSYoungGen      total 97664K, used 97248K [0x00000000fa000000, 0x0000000100000000, 0x0000000100000000)
  eden space 97152K, 100% used [0x00000000fa000000,0x00000000ffee0000,0x00000000ffee0000)
  from space 512K, 18% used [0x00000000ffee0000,0x00000000ffef8000,0x00000000fff60000)
  to   space 512K, 0% used [0x00000000fff80000,0x00000000fff80000,0x0000000100000000)
 ParOldGen       total 144512K, used 121552K [0x00000000e8000000, 0x00000000f0d20000, 0x00000000fa000000)
  object space 144512K, 84% used [0x00000000e8000000,0x00000000ef6b4390,0x00000000f0d20000)
 PSPermGen       total 112128K, used 69601K [0x00000000e0000000, 0x00000000e6d80000, 0x00000000e8000000)
  object space 112128K, 62% used [0x00000000e0000000,0x00000000e43f8598,0x00000000e6d80000)
Event: 291092.645 GC heap after
Heap after GC invocations=4516 (full 4):
 PSYoungGen      total 97792K, used 128K [0x00000000fa000000, 0x0000000100000000, 0x0000000100000000)
  eden space 97280K, 0% used [0x00000000fa000000,0x00000000fa000000,0x00000000fff00000)
  from space 512K, 25% used [0x00000000fff80000,0x00000000fffa0000,0x0000000100000000)
  to   space 512K, 0% used [0x00000000fff00000,0x00000000fff00000,0x00000000fff80000)
 ParOldGen       total 144512K, used 121552K [0x00000000e8000000, 0x00000000f0d20000, 0x00000000fa000000)
  object space 144512K, 84% used [0x00000000e8000000,0x00000000ef6b4390,0x00000000f0d20000)
 PSPermGen       total 112128K, used 69601K [0x00000000e0000000, 0x00000000e6d80000, 0x00000000e8000000)
  object space 112128K, 62% used [0x00000000e0000000,0x00000000e43f8598,0x00000000e6d80000)
}
Event: 291380.633 GC heap before
{Heap before GC invocations=4517 (full 4):
 PSYoungGen      total 97792K, used 97408K [0x00000000fa000000, 0x0000000100000000, 0x0000000100000000)
  eden space 97280K, 100% used [0x00000000fa000000,0x00000000fff00000,0x00000000fff00000)
  from space 512K, 25% used [0x00000000fff80000,0x00000000fffa0000,0x0000000100000000)
  to   space 512K, 0% used [0x00000000fff00000,0x00000000fff00000,0x00000000fff80000)
 ParOldGen       total 144512K, used 121552K [0x00000000e8000000, 0x00000000f0d20000, 0x00000000fa000000)
  object space 144512K, 84% used [0x00000000e8000000,0x00000000ef6b4390,0x00000000f0d20000)
 PSPermGen       total 112128K, used 69601K [0x00000000e0000000, 0x00000000e6d80000, 0x00000000e8000000)
  object space 112128K, 62% used [0x00000000e0000000,0x00000000e43f8598,0x00000000e6d80000)
Event: 291380.636 GC heap after
Heap after GC invocations=4517 (full 4):
 PSYoungGen      total 97472K, used 160K [0x00000000fa000000, 0x00000000fffe0000, 0x0000000100000000)
  eden space 97280K, 0% used [0x00000000fa000000,0x00000000fa000000,0x00000000fff00000)
  from space 192K, 83% used [0x00000000fff00000,0x00000000fff28000,0x00000000fff30000)
  to   space 448K, 0% used [0x00000000fff70000,0x00000000fff70000,0x00000000fffe0000)
 ParOldGen       total 144512K, used 121552K [0x00000000e8000000, 0x00000000f0d20000, 0x00000000fa000000)
  object space 144512K, 84% used [0x00000000e8000000,0x00000000ef6b4390,0x00000000f0d20000)
 PSPermGen       total 112128K, used 69601K [0x00000000e0000000, 0x00000000e6d80000, 0x00000000e8000000)
  object space 112128K, 62% used [0x00000000e0000000,0x00000000e43f8598,0x00000000e6d80000)
}
Event: 291671.278 GC heap before
{Heap before GC invocations=4518 (full 4):
 PSYoungGen      total 97472K, used 97440K [0x00000000fa000000, 0x00000000fffe0000, 0x0000000100000000)
  eden space 97280K, 100% used [0x00000000fa000000,0x00000000fff00000,0x00000000fff00000)
  from space 192K, 83% used [0x00000000fff00000,0x00000000fff28000,0x00000000fff30000)
  to   space 448K, 0% used [0x00000000fff70000,0x00000000fff70000,0x00000000fffe0000)
 ParOldGen       total 144512K, used 121552K [0x00000000e8000000, 0x00000000f0d20000, 0x00000000fa000000)
  object space 144512K, 84% used [0x00000000e8000000,0x00000000ef6b4390,0x00000000f0d20000)
 PSPermGen       total 112128K, used 69601K [0x00000000e0000000, 0x00000000e6d80000, 0x00000000e8000000)
  object space 112128K, 62% used [0x00000000e0000000,0x00000000e43f8598,0x00000000e6d80000)
Event: 291671.282 GC heap after
Heap after GC invocations=4518 (full 4):
 PSYoungGen      total 97728K, used 128K [0x00000000fa000000, 0x0000000100000000, 0x0000000100000000)
  eden space 97280K, 0% used [0x00000000fa000000,0x00000000fa000000,0x00000000fff00000)
  from space 448K, 28% used [0x00000000fff70000,0x00000000fff90000,0x00000000fffe0000)
  to   space 448K, 0% used [0x00000000fff00000,0x00000000fff00000,0x00000000fff70000)
 ParOldGen       total 144512K, used 121552K [0x00000000e8000000, 0x00000000f0d20000, 0x00000000fa000000)
  object space 144512K, 84% used [0x00000000e8000000,0x00000000ef6b4390,0x00000000f0d20000)
 PSPermGen       total 112128K, used 69601K [0x00000000e0000000, 0x00000000e6d80000, 0x00000000e8000000)
  object space 112128K, 62% used [0x00000000e0000000,0x00000000e43f8598,0x00000000e6d80000)
}

