# JRE version: 7.0_25-b17
# Java VM: Java HotSpot(TM) 64-Bit Server VM (23.25-b01 mixed mode windows-amd64 compressed oops)
Heap
 PSYoungGen      total 28928K, used 3099K [0x00000000fa000000, 0x00000000fdb40000, 0x0000000100000000)
  eden space 27968K, 7% used [0x00000000fa000000,0x00000000fa216fd0,0x00000000fbb50000)
  from space 960K, 100% used [0x00000000fda50000,0x00000000fdb40000,0x00000000fdb40000)
  to   space 7040K, 0% used [0x00000000fcd80000,0x00000000fcd80000,0x00000000fd460000)
 ParOldGen       total 115456K, used 91877K [0x00000000e8000000, 0x00000000ef0c0000, 0x00000000fa000000)
  object space 115456K, 79% used [0x00000000e8000000,0x00000000ed9b96f0,0x00000000ef0c0000)
 PSPermGen       total 106816K, used 60657K [0x00000000e0000000, 0x00000000e6850000, 0x00000000e8000000)
  object space 106816K, 56% used [0x00000000e0000000,0x00000000e3b3c540,0x00000000e6850000)
GC Heap History (10 events):
Event: 72420.254 GC heap before
{Heap before GC invocations=295 (full 3):
 PSYoungGen      total 28928K, used 28912K [0x00000000fa000000, 0x00000000fdfe0000, 0x0000000100000000)
  eden space 27584K, 100% used [0x00000000fa000000,0x00000000fbaf0000,0x00000000fbaf0000)
  from space 1344K, 98% used [0x00000000fdba0000,0x00000000fdcec190,0x00000000fdcf0000)
  to   space 2368K, 0% used [0x00000000fdd90000,0x00000000fdd90000,0x00000000fdfe0000)
 ParOldGen       total 115456K, used 64136K [0x00000000e8000000, 0x00000000ef0c0000, 0x00000000fa000000)
  object space 115456K, 55% used [0x00000000e8000000,0x00000000ebea21b0,0x00000000ef0c0000)
 PSPermGen       total 106816K, used 60613K [0x00000000e0000000, 0x00000000e6850000, 0x00000000e8000000)
  object space 106816K, 56% used [0x00000000e0000000,0x00000000e3b31670,0x00000000e6850000)
Event: 72420.258 GC heap after
Heap after GC invocations=295 (full 3):
 PSYoungGen      total 27904K, used 237K [0x00000000fa000000, 0x00000000fddd0000, 0x0000000100000000)
  eden space 27648K, 0% used [0x00000000fa000000,0x00000000fa000000,0x00000000fbb00000)
  from space 256K, 92% used [0x00000000fdd90000,0x00000000fddcb578,0x00000000fddd0000)
  to   space 2304K, 0% used [0x00000000fd950000,0x00000000fd950000,0x00000000fdb90000)
 ParOldGen       total 115456K, used 64136K [0x00000000e8000000, 0x00000000ef0c0000, 0x00000000fa000000)
  object space 115456K, 55% used [0x00000000e8000000,0x00000000ebea21b0,0x00000000ef0c0000)
 PSPermGen       total 106816K, used 60613K [0x00000000e0000000, 0x00000000e6850000, 0x00000000e8000000)
  object space 106816K, 56% used [0x00000000e0000000,0x00000000e3b31670,0x00000000e6850000)
}
Event: 72471.874 GC heap before
{Heap before GC invocations=296 (full 3):
 PSYoungGen      total 27904K, used 27885K [0x00000000fa000000, 0x00000000fddd0000, 0x0000000100000000)
  eden space 27648K, 100% used [0x00000000fa000000,0x00000000fbb00000,0x00000000fbb00000)
  from space 256K, 92% used [0x00000000fdd90000,0x00000000fddcb578,0x00000000fddd0000)
  to   space 2304K, 0% used [0x00000000fd950000,0x00000000fd950000,0x00000000fdb90000)
 ParOldGen       total 115456K, used 64136K [0x00000000e8000000, 0x00000000ef0c0000, 0x00000000fa000000)
  object space 115456K, 55% used [0x00000000e8000000,0x00000000ebea21b0,0x00000000ef0c0000)
 PSPermGen       total 106816K, used 60618K [0x00000000e0000000, 0x00000000e6850000, 0x00000000e8000000)
  object space 106816K, 56% used [0x00000000e0000000,0x00000000e3b32b28,0x00000000e6850000)
Event: 72471.880 GC heap after
Heap after GC invocations=296 (full 3):
 PSYoungGen      total 29504K, used 1744K [0x00000000fa000000, 0x00000000fdda0000, 0x0000000100000000)
  eden space 27712K, 0% used [0x00000000fa000000,0x00000000fa000000,0x00000000fbb10000)
  from space 1792K, 97% used [0x00000000fd950000,0x00000000fdb04128,0x00000000fdb10000)
  to   space 2496K, 0% used [0x00000000fdb30000,0x00000000fdb30000,0x00000000fdda0000)
 ParOldGen       total 115456K, used 75437K [0x00000000e8000000, 0x00000000ef0c0000, 0x00000000fa000000)
  object space 115456K, 65% used [0x00000000e8000000,0x00000000ec9ab7f0,0x00000000ef0c0000)
 PSPermGen       total 106816K, used 60618K [0x00000000e0000000, 0x00000000e6850000, 0x00000000e8000000)
  object space 106816K, 56% used [0x00000000e0000000,0x00000000e3b32b28,0x00000000e6850000)
}
Event: 72645.249 GC heap before
{Heap before GC invocations=297 (full 3):
 PSYoungGen      total 29504K, used 29456K [0x00000000fa000000, 0x00000000fdda0000, 0x0000000100000000)
  eden space 27712K, 100% used [0x00000000fa000000,0x00000000fbb10000,0x00000000fbb10000)
  from space 1792K, 97% used [0x00000000fd950000,0x00000000fdb04128,0x00000000fdb10000)
  to   space 2496K, 0% used [0x00000000fdb30000,0x00000000fdb30000,0x00000000fdda0000)
 ParOldGen       total 115456K, used 75437K [0x00000000e8000000, 0x00000000ef0c0000, 0x00000000fa000000)
  object space 115456K, 65% used [0x00000000e8000000,0x00000000ec9ab7f0,0x00000000ef0c0000)
 PSPermGen       total 106816K, used 60622K [0x00000000e0000000, 0x00000000e6850000, 0x00000000e8000000)
  object space 106816K, 56% used [0x00000000e0000000,0x00000000e3b33970,0x00000000e6850000)
Event: 72645.253 GC heap after
Heap after GC invocations=297 (full 3):
 PSYoungGen      total 29504K, used 1683K [0x00000000fa000000, 0x00000000fdce0000, 0x0000000100000000)
  eden space 27776K, 0% used [0x00000000fa000000,0x00000000fa000000,0x00000000fbb20000)
  from space 1728K, 97% used [0x00000000fdb30000,0x00000000fdcd4dd8,0x00000000fdce0000)
  to   space 2624K, 0% used [0x00000000fd7c0000,0x00000000fd7c0000,0x00000000fda50000)
 ParOldGen       total 115456K, used 78573K [0x00000000e8000000, 0x00000000ef0c0000, 0x00000000fa000000)
  object space 115456K, 68% used [0x00000000e8000000,0x00000000eccbb420,0x00000000ef0c0000)
 PSPermGen       total 106816K, used 60622K [0x00000000e0000000, 0x00000000e6850000, 0x00000000e8000000)
  object space 106816K, 56% used [0x00000000e0000000,0x00000000e3b33970,0x00000000e6850000)
}
Event: 72716.652 GC heap before
{Heap before GC invocations=298 (full 3):
 PSYoungGen      total 29504K, used 29459K [0x00000000fa000000, 0x00000000fdce0000, 0x0000000100000000)
  eden space 27776K, 100% used [0x00000000fa000000,0x00000000fbb20000,0x00000000fbb20000)
  from space 1728K, 97% used [0x00000000fdb30000,0x00000000fdcd4dd8,0x00000000fdce0000)
  to   space 2624K, 0% used [0x00000000fd7c0000,0x00000000fd7c0000,0x00000000fda50000)
 ParOldGen       total 115456K, used 78573K [0x00000000e8000000, 0x00000000ef0c0000, 0x00000000fa000000)
  object space 115456K, 68% used [0x00000000e8000000,0x00000000eccbb420,0x00000000ef0c0000)
 PSPermGen       total 106816K, used 60644K [0x00000000e0000000, 0x00000000e6850000, 0x00000000e8000000)
  object space 106816K, 56% used [0x00000000e0000000,0x00000000e3b393b0,0x00000000e6850000)
Event: 72716.661 GC heap after
Heap after GC invocations=298 (full 3):
 PSYoungGen      total 30464K, used 2592K [0x00000000fa000000, 0x00000000fdb40000, 0x0000000100000000)
  eden space 27840K, 0% used [0x00000000fa000000,0x00000000fa000000,0x00000000fbb30000)
  from space 2624K, 98% used [0x00000000fd7c0000,0x00000000fda48080,0x00000000fda50000)
  to   space 960K, 0% used [0x00000000fda50000,0x00000000fda50000,0x00000000fdb40000)
 ParOldGen       total 115456K, used 89986K [0x00000000e8000000, 0x00000000ef0c0000, 0x00000000fa000000)
  object space 115456K, 77% used [0x00000000e8000000,0x00000000ed7e0a60,0x00000000ef0c0000)
 PSPermGen       total 106816K, used 60644K [0x00000000e0000000, 0x00000000e6850000, 0x00000000e8000000)
  object space 106816K, 56% used [0x00000000e0000000,0x00000000e3b393b0,0x00000000e6850000)
}
Event: 72721.411 GC heap before
{Heap before GC invocations=299 (full 3):
 PSYoungGen      total 30464K, used 30432K [0x00000000fa000000, 0x00000000fdb40000, 0x0000000100000000)
  eden space 27840K, 100% used [0x00000000fa000000,0x00000000fbb30000,0x00000000fbb30000)
  from space 2624K, 98% used [0x00000000fd7c0000,0x00000000fda48080,0x00000000fda50000)
  to   space 960K, 0% used [0x00000000fda50000,0x00000000fda50000,0x00000000fdb40000)
 ParOldGen       total 115456K, used 89986K [0x00000000e8000000, 0x00000000ef0c0000, 0x00000000fa000000)
  object space 115456K, 77% used [0x00000000e8000000,0x00000000ed7e0a60,0x00000000ef0c0000)
 PSPermGen       total 106816K, used 60657K [0x00000000e0000000, 0x00000000e6850000, 0x00000000e8000000)
  object space 106816K, 56% used [0x00000000e0000000,0x00000000e3b3c540,0x00000000e6850000)
Event: 72721.415 GC heap after
Heap after GC invocations=299 (full 3):
 PSYoungGen      total 28928K, used 960K [0x00000000fa000000, 0x00000000fdb40000, 0x0000000100000000)
  eden space 27968K, 0% used [0x00000000fa000000,0x00000000fa000000,0x00000000fbb50000)
  from space 960K, 100% used [0x00000000fda50000,0x00000000fdb40000,0x00000000fdb40000)
  to   space 7040K, 0% used [0x00000000fcd80000,0x00000000fcd80000,0x00000000fd460000)
 ParOldGen       total 115456K, used 91877K [0x00000000e8000000, 0x00000000ef0c0000, 0x00000000fa000000)
  object space 115456K, 79% used [0x00000000e8000000,0x00000000ed9b96f0,0x00000000ef0c0000)
 PSPermGen       total 106816K, used 60657K [0x00000000e0000000, 0x00000000e6850000, 0x00000000e8000000)
  object space 106816K, 56% used [0x00000000e0000000,0x00000000e3b3c540,0x00000000e6850000)
}

