# JRE version: 7.0_25-b17
# Java VM: Java HotSpot(TM) 64-Bit Server VM (23.25-b01 mixed mode windows-amd64 compressed oops)
Heap
 PSYoungGen      total 98112K, used 94656K [0x00000000fa000000, 0x0000000100000000, 0x0000000100000000)
  eden space 97920K, 96% used [0x00000000fa000000,0x00000000ffc50100,0x00000000fffa0000)
  from space 192K, 66% used [0x00000000fffa0000,0x00000000fffc0000,0x00000000fffd0000)
  to   space 192K, 0% used [0x00000000fffd0000,0x00000000fffd0000,0x0000000100000000)
 ParOldGen       total 91968K, used 82120K [0x00000000e8000000, 0x00000000ed9d0000, 0x00000000fa000000)
  object space 91968K, 89% used [0x00000000e8000000,0x00000000ed032080,0x00000000ed9d0000)
 PSPermGen       total 106432K, used 62329K [0x00000000e0000000, 0x00000000e67f0000, 0x00000000e8000000)
  object space 106432K, 58% used [0x00000000e0000000,0x00000000e3cde400,0x00000000e67f0000)
GC Heap History (10 events):
Event: 100222.669 GC heap before
{Heap before GC invocations=832 (full 5):
 PSYoungGen      total 98048K, used 97888K [0x00000000fa000000, 0x0000000100000000, 0x0000000100000000)
  eden space 97792K, 100% used [0x00000000fa000000,0x00000000fff80000,0x00000000fff80000)
  from space 256K, 37% used [0x00000000fffc0000,0x00000000fffd8000,0x0000000100000000)
  to   space 256K, 0% used [0x00000000fff80000,0x00000000fff80000,0x00000000fffc0000)
 ParOldGen       total 91968K, used 82112K [0x00000000e8000000, 0x00000000ed9d0000, 0x00000000fa000000)
  object space 91968K, 89% used [0x00000000e8000000,0x00000000ed030080,0x00000000ed9d0000)
 PSPermGen       total 106432K, used 62319K [0x00000000e0000000, 0x00000000e67f0000, 0x00000000e8000000)
  object space 106432K, 58% used [0x00000000e0000000,0x00000000e3cdbfe0,0x00000000e67f0000)
Event: 100222.671 GC heap after
Heap after GC invocations=832 (full 5):
 PSYoungGen      total 97920K, used 128K [0x00000000fa000000, 0x00000000fffe0000, 0x0000000100000000)
  eden space 97792K, 0% used [0x00000000fa000000,0x00000000fa000000,0x00000000fff80000)
  from space 128K, 100% used [0x00000000fff80000,0x00000000fffa0000,0x00000000fffa0000)
  to   space 192K, 0% used [0x00000000fffb0000,0x00000000fffb0000,0x00000000fffe0000)
 ParOldGen       total 91968K, used 82120K [0x00000000e8000000, 0x00000000ed9d0000, 0x00000000fa000000)
  object space 91968K, 89% used [0x00000000e8000000,0x00000000ed032080,0x00000000ed9d0000)
 PSPermGen       total 106432K, used 62319K [0x00000000e0000000, 0x00000000e67f0000, 0x00000000e8000000)
  object space 106432K, 58% used [0x00000000e0000000,0x00000000e3cdbfe0,0x00000000e67f0000)
}
Event: 100222.766 GC heap before
{Heap before GC invocations=833 (full 5):
 PSYoungGen      total 97920K, used 97920K [0x00000000fa000000, 0x00000000fffe0000, 0x0000000100000000)
  eden space 97792K, 100% used [0x00000000fa000000,0x00000000fff80000,0x00000000fff80000)
  from space 128K, 100% used [0x00000000fff80000,0x00000000fffa0000,0x00000000fffa0000)
  to   space 192K, 0% used [0x00000000fffb0000,0x00000000fffb0000,0x00000000fffe0000)
 ParOldGen       total 91968K, used 82120K [0x00000000e8000000, 0x00000000ed9d0000, 0x00000000fa000000)
  object space 91968K, 89% used [0x00000000e8000000,0x00000000ed032080,0x00000000ed9d0000)
 PSPermGen       total 106432K, used 62319K [0x00000000e0000000, 0x00000000e67f0000, 0x00000000e8000000)
  object space 106432K, 58% used [0x00000000e0000000,0x00000000e3cdbfe0,0x00000000e67f0000)
Event: 100222.768 GC heap after
Heap after GC invocations=833 (full 5):
 PSYoungGen      total 97984K, used 64K [0x00000000fa000000, 0x0000000100000000, 0x0000000100000000)
  eden space 97792K, 0% used [0x00000000fa000000,0x00000000fa000000,0x00000000fff80000)
  from space 192K, 33% used [0x00000000fffb0000,0x00000000fffc0000,0x00000000fffe0000)
  to   space 192K, 0% used [0x00000000fff80000,0x00000000fff80000,0x00000000fffb0000)
 ParOldGen       total 91968K, used 82120K [0x00000000e8000000, 0x00000000ed9d0000, 0x00000000fa000000)
  object space 91968K, 89% used [0x00000000e8000000,0x00000000ed032080,0x00000000ed9d0000)
 PSPermGen       total 106432K, used 62319K [0x00000000e0000000, 0x00000000e67f0000, 0x00000000e8000000)
  object space 106432K, 58% used [0x00000000e0000000,0x00000000e3cdbfe0,0x00000000e67f0000)
}
Event: 100222.862 GC heap before
{Heap before GC invocations=834 (full 5):
 PSYoungGen      total 97984K, used 97856K [0x00000000fa000000, 0x0000000100000000, 0x0000000100000000)
  eden space 97792K, 100% used [0x00000000fa000000,0x00000000fff80000,0x00000000fff80000)
  from space 192K, 33% used [0x00000000fffb0000,0x00000000fffc0000,0x00000000fffe0000)
  to   space 192K, 0% used [0x00000000fff80000,0x00000000fff80000,0x00000000fffb0000)
 ParOldGen       total 91968K, used 82120K [0x00000000e8000000, 0x00000000ed9d0000, 0x00000000fa000000)
  object space 91968K, 89% used [0x00000000e8000000,0x00000000ed032080,0x00000000ed9d0000)
 PSPermGen       total 106432K, used 62319K [0x00000000e0000000, 0x00000000e67f0000, 0x00000000e8000000)
  object space 106432K, 58% used [0x00000000e0000000,0x00000000e3cdbfe0,0x00000000e67f0000)
Event: 100222.865 GC heap after
Heap after GC invocations=834 (full 5):
 PSYoungGen      total 97984K, used 128K [0x00000000fa000000, 0x0000000100000000, 0x0000000100000000)
  eden space 97792K, 0% used [0x00000000fa000000,0x00000000fa000000,0x00000000fff80000)
  from space 192K, 66% used [0x00000000fff80000,0x00000000fffa0000,0x00000000fffb0000)
  to   space 192K, 0% used [0x00000000fffd0000,0x00000000fffd0000,0x0000000100000000)
 ParOldGen       total 91968K, used 82120K [0x00000000e8000000, 0x00000000ed9d0000, 0x00000000fa000000)
  object space 91968K, 89% used [0x00000000e8000000,0x00000000ed032080,0x00000000ed9d0000)
 PSPermGen       total 106432K, used 62319K [0x00000000e0000000, 0x00000000e67f0000, 0x00000000e8000000)
  object space 106432K, 58% used [0x00000000e0000000,0x00000000e3cdbfe0,0x00000000e67f0000)
}
Event: 100222.964 GC heap before
{Heap before GC invocations=835 (full 5):
 PSYoungGen      total 97984K, used 97920K [0x00000000fa000000, 0x0000000100000000, 0x0000000100000000)
  eden space 97792K, 100% used [0x00000000fa000000,0x00000000fff80000,0x00000000fff80000)
  from space 192K, 66% used [0x00000000fff80000,0x00000000fffa0000,0x00000000fffb0000)
  to   space 192K, 0% used [0x00000000fffd0000,0x00000000fffd0000,0x0000000100000000)
 ParOldGen       total 91968K, used 82120K [0x00000000e8000000, 0x00000000ed9d0000, 0x00000000fa000000)
  object space 91968K, 89% used [0x00000000e8000000,0x00000000ed032080,0x00000000ed9d0000)
 PSPermGen       total 106432K, used 62319K [0x00000000e0000000, 0x00000000e67f0000, 0x00000000e8000000)
  object space 106432K, 58% used [0x00000000e0000000,0x00000000e3cdbfe0,0x00000000e67f0000)
Event: 100222.985 GC heap after
Heap after GC invocations=835 (full 5):
 PSYoungGen      total 98112K, used 64K [0x00000000fa000000, 0x0000000100000000, 0x0000000100000000)
  eden space 97920K, 0% used [0x00000000fa000000,0x00000000fa000000,0x00000000fffa0000)
  from space 192K, 33% used [0x00000000fffd0000,0x00000000fffe0000,0x0000000100000000)
  to   space 192K, 0% used [0x00000000fffa0000,0x00000000fffa0000,0x00000000fffd0000)
 ParOldGen       total 91968K, used 82120K [0x00000000e8000000, 0x00000000ed9d0000, 0x00000000fa000000)
  object space 91968K, 89% used [0x00000000e8000000,0x00000000ed032080,0x00000000ed9d0000)
 PSPermGen       total 106432K, used 62319K [0x00000000e0000000, 0x00000000e67f0000, 0x00000000e8000000)
  object space 106432K, 58% used [0x00000000e0000000,0x00000000e3cdbfe0,0x00000000e67f0000)
}
Event: 100552.485 GC heap before
{Heap before GC invocations=836 (full 5):
 PSYoungGen      total 98112K, used 97984K [0x00000000fa000000, 0x0000000100000000, 0x0000000100000000)
  eden space 97920K, 100% used [0x00000000fa000000,0x00000000fffa0000,0x00000000fffa0000)
  from space 192K, 33% used [0x00000000fffd0000,0x00000000fffe0000,0x0000000100000000)
  to   space 192K, 0% used [0x00000000fffa0000,0x00000000fffa0000,0x00000000fffd0000)
 ParOldGen       total 91968K, used 82120K [0x00000000e8000000, 0x00000000ed9d0000, 0x00000000fa000000)
  object space 91968K, 89% used [0x00000000e8000000,0x00000000ed032080,0x00000000ed9d0000)
 PSPermGen       total 106432K, used 62319K [0x00000000e0000000, 0x00000000e67f0000, 0x00000000e8000000)
  object space 106432K, 58% used [0x00000000e0000000,0x00000000e3cdbfe0,0x00000000e67f0000)
Event: 100552.488 GC heap after
Heap after GC invocations=836 (full 5):
 PSYoungGen      total 98112K, used 128K [0x00000000fa000000, 0x0000000100000000, 0x0000000100000000)
  eden space 97920K, 0% used [0x00000000fa000000,0x00000000fa000000,0x00000000fffa0000)
  from space 192K, 66% used [0x00000000fffa0000,0x00000000fffc0000,0x00000000fffd0000)
  to   space 192K, 0% used [0x00000000fffd0000,0x00000000fffd0000,0x0000000100000000)
 ParOldGen       total 91968K, used 82120K [0x00000000e8000000, 0x00000000ed9d0000, 0x00000000fa000000)
  object space 91968K, 89% used [0x00000000e8000000,0x00000000ed032080,0x00000000ed9d0000)
 PSPermGen       total 106432K, used 62319K [0x00000000e0000000, 0x00000000e67f0000, 0x00000000e8000000)
  object space 106432K, 58% used [0x00000000e0000000,0x00000000e3cdbfe0,0x00000000e67f0000)
}

